<?xml version="1.0" encoding="UTF-8"?>
<!-- Generated by org.testng.reporters.JUnitReportReporter -->
<testsuite hostname="DESKTOP-DH3RD78" failures="0" tests="1" name="Facebbok_automation.frame" time="2.543" errors="0" timestamp="2022-12-07T16:13:04 IST" skipped="0">
  <testcase classname="Facebbok_automation.frame" name="frameFunctions_using_name_attribute" time="2.543"/>
  <system-out/>
</testsuite> <!-- Facebbok_automation.frame -->
