<?xml version="1.0" encoding="UTF-8"?>
<!-- Generated by org.testng.reporters.JUnitReportReporter -->
<testsuite hostname="DESKTOP-DH3RD78" failures="0" tests="1" name="File_upload.selectclass" time="0.562" errors="0" timestamp="2022-12-09T12:25:27 IST" skipped="0">
  <testcase classname="File_upload.selectclass" name="toPrintAllOptions" time="0.562"/>
  <system-out/>
</testsuite> <!-- File_upload.selectclass -->
