<?xml version="1.0" encoding="UTF-8"?>
<!-- Generated by org.testng.reporters.JUnitReportReporter -->
<testsuite hostname="DESKTOP-DH3RD78" failures="0" tests="6" name="ActionClass.ActionClass" time="40.240" errors="0" timestamp="2022-12-09T12:16:37 IST" skipped="0">
  <testcase classname="ActionClass.ActionClass" name="usingDoubleClick" time="5.891"/>
  <system-out/>
  <testcase classname="ActionClass.ActionClass" name="moveToElement" time="2.903"/>
  <system-out/>
  <testcase classname="ActionClass.ActionClass" name="dragAndDrop" time="9.194"/>
  <system-out/>
  <testcase classname="ActionClass.ActionClass" name="googleShortcuts" time="13.312"/>
  <system-out/>
  <testcase classname="ActionClass.ActionClass" name="contextClickUsingActionClass" time="3.432"/>
  <system-out/>
  <testcase classname="ActionClass.ActionClass" name="keyboardMethods" time="5.508"/>
  <system-out/>
</testsuite> <!-- ActionClass.ActionClass -->
