<?xml version="1.0" encoding="UTF-8"?>
<!-- Generated by org.testng.reporters.JUnitReportReporter -->
<testsuite hostname="DESKTOP-DH3RD78" failures="0" tests="1" name="File_upload.childBrowser" time="44.375" errors="0" timestamp="2022-12-09T12:32:51 IST" skipped="0">
  <testcase classname="File_upload.childBrowser" name="countNoOfBrowser" time="44.375"/>
  <system-out/>
</testsuite> <!-- File_upload.childBrowser -->
