<?xml version="1.0" encoding="UTF-8"?>
<!-- Generated by org.testng.reporters.JUnitReportReporter -->
<testsuite hostname="DESKTOP-DH3RD78" failures="0" tests="4" name="Facebbok_automation.WebTable" time="1.261" errors="0" timestamp="2022-12-09T12:27:56 IST" skipped="0">
  <testcase classname="Facebbok_automation.WebTable" name="printOnlyNumbers" time="0.797"/>
  <system-out/>
  <testcase classname="Facebbok_automation.WebTable" name="rowSize" time="0.091"/>
  <system-out/>
  <testcase classname="Facebbok_automation.WebTable" name="toCountNoOfCells" time="0.094"/>
  <system-out/>
  <testcase classname="Facebbok_automation.WebTable" name="colSize" time="0.279"/>
  <system-out/>
</testsuite> <!-- Facebbok_automation.WebTable -->
