<?xml version="1.0" encoding="UTF-8"?>
<!-- Generated by org.testng.reporters.JUnitReportReporter -->
<testsuite hostname="DESKTOP-DH3RD78" failures="0" tests="1" name="File_upload.File_upload" time="16.224" errors="0" timestamp="2022-12-09T12:29:07 IST" skipped="0">
  <testcase classname="File_upload.File_upload" name="fileUploadUsingAutoIt2" time="16.224"/>
  <system-out/>
</testsuite> <!-- File_upload.File_upload -->
